This file contains any messages produced by compilers while
running configure, to aid debugging if configure makes a mistake.

It was created by opus configure 1.4, which was
generated by GNU Autoconf 2.69.  Invocation command line was

  $ ./configure --disable-rtcd CXXFLAGS=-arch x86_64 -arch arm64 CFLAGS=-arch x86_64 -arch arm64

## --------- ##
## Platform. ##
## --------- ##

hostname = 25D1.local
uname -m = arm64
uname -r = 22.1.0
uname -s = Darwin
uname -v = Darwin Kernel Version 22.1.0: Sun Oct  9 20:14:30 PDT 2022; root:xnu-8792.41.9~2/RELEASE_ARM64_T8103

/usr/bin/uname -p = arm
/bin/uname -X     = unknown

/bin/arch              = unknown
/usr/bin/arch -k       = unknown
/usr/convex/getsysinfo = unknown
/usr/bin/hostinfo      = Mach kernel version:
	 Darwin Kernel Version 22.1.0: Sun Oct  9 20:14:30 PDT 2022; root:xnu-8792.41.9~2/RELEASE_ARM64_T8103
Kernel configured for up to 8 processors.
8 processors are physically available.
8 processors are logically available.
Processor type: arm64e (ARM64E)
Processors active: 0 1 2 3 4 5 6 7
Primary memory available: 8.00 gigabytes
Default processor set: 460 tasks, 3699 threads, 8 processors
Load average: 3.04, Mach factor: 4.94
/bin/machine           = unknown
/usr/bin/oslevel       = unknown
/bin/universe          = unknown

PATH: /Users/evan/.nvm/versions/node/v18.7.0/bin
PATH: /Library/Frameworks/Python.framework/Versions/3.10/bin
PATH: /opt/homebrew/sbin
PATH: /opt/homebrew/bin
PATH: /usr/local/bin
PATH: /System/Cryptexes/App/usr/bin
PATH: /usr/bin
PATH: /bin
PATH: /usr/sbin
PATH: /sbin
PATH: /opt/X11/bin
PATH: /Library/Apple/usr/bin
PATH: /Applications/Wireshark.app/Contents/MacOS
PATH: /Users/evan/.cargo/bin


## ----------- ##
## Core tests. ##
## ----------- ##

configure:2380: checking whether make supports nested variables
configure:2397: result: yes
configure:2463: checking for a BSD-compatible install
configure:2531: result: /usr/bin/install -c
configure:2542: checking whether build environment is sane
configure:2597: result: yes
configure:2748: checking for a thread-safe mkdir -p
configure:2787: result: ./install-sh -c -d
configure:2794: checking for gawk
configure:2824: result: no
configure:2794: checking for mawk
configure:2824: result: no
configure:2794: checking for nawk
configure:2824: result: no
configure:2794: checking for awk
configure:2810: found /usr/bin/awk
configure:2821: result: awk
configure:2832: checking whether make sets $(MAKE)
configure:2854: result: yes
configure:2979: checking whether to enable maintainer-specific portions of Makefiles
configure:2988: result: yes
configure:3006: checking build system type
configure:3020: result: arm-apple-darwin22.1.0
configure:3040: checking host system type
configure:3053: result: arm-apple-darwin22.1.0
configure:3125: checking how to print strings
configure:3152: result: printf
configure:3177: checking whether make supports the include directive
configure:3192: make -f confmf.GNU && cat confinc.out
this is the am__doit target
configure:3195: $? = 0
configure:3214: result: yes (GNU style)
configure:3284: checking for gcc
configure:3300: found /usr/bin/gcc
configure:3311: result: gcc
configure:3540: checking for C compiler version
configure:3549: gcc --version >&5
Apple clang version 13.1.6 (clang-1316.0.21.2.5)
Target: arm64-apple-darwin22.1.0
Thread model: posix
InstalledDir: /Applications/Xcode.app/Contents/Developer/Toolchains/XcodeDefault.xctoolchain/usr/bin
configure:3560: $? = 0
configure:3549: gcc -v >&5
Apple clang version 13.1.6 (clang-1316.0.21.2.5)
Target: arm64-apple-darwin22.1.0
Thread model: posix
InstalledDir: /Applications/Xcode.app/Contents/Developer/Toolchains/XcodeDefault.xctoolchain/usr/bin
configure:3560: $? = 0
configure:3549: gcc -V >&5
clang: error: argument to '-V' is missing (expected 1 value)
clang: error: no input files
configure:3560: $? = 1
configure:3549: gcc -qversion >&5
clang: error: unknown argument '-qversion'; did you mean '--version'?
clang: error: no input files
configure:3560: $? = 1
configure:3580: checking whether the C compiler works
configure:3602: gcc -arch x86_64 -arch arm64   conftest.c  >&5
configure:3606: $? = 0
configure:3654: result: yes
configure:3657: checking for C compiler default output file name
configure:3659: result: a.out
configure:3665: checking for suffix of executables
configure:3672: gcc -o conftest -arch x86_64 -arch arm64   conftest.c  >&5
configure:3676: $? = 0
configure:3698: result: 
configure:3720: checking whether we are cross compiling
configure:3728: gcc -o conftest -arch x86_64 -arch arm64   conftest.c  >&5
configure:3732: $? = 0
configure:3739: ./conftest
configure:3743: $? = 0
configure:3758: result: no
configure:3763: checking for suffix of object files
configure:3785: gcc -c -arch x86_64 -arch arm64  conftest.c >&5
configure:3789: $? = 0
configure:3810: result: o
configure:3814: checking whether we are using the GNU C compiler
configure:3833: gcc -c -arch x86_64 -arch arm64  conftest.c >&5
configure:3833: $? = 0
configure:3842: result: yes
configure:3851: checking whether gcc accepts -g
configure:3871: gcc -c -g  conftest.c >&5
configure:3871: $? = 0
configure:3912: result: yes
configure:3929: checking for gcc option to accept ISO C89
configure:3992: gcc  -c -arch x86_64 -arch arm64  conftest.c >&5
configure:3992: $? = 0
configure:4005: result: none needed
configure:4030: checking whether gcc understands -c and -o together
configure:4052: gcc -c conftest.c -o conftest2.o
configure:4055: $? = 0
configure:4052: gcc -c conftest.c -o conftest2.o
configure:4055: $? = 0
configure:4067: result: yes
configure:4086: checking dependency style of gcc
configure:4197: result: gcc3
configure:4212: checking for a sed that does not truncate output
configure:4276: result: /usr/bin/sed
configure:4294: checking for grep that handles long lines and -e
configure:4352: result: /usr/bin/grep
configure:4357: checking for egrep
configure:4419: result: /usr/bin/grep -E
configure:4424: checking for fgrep
configure:4486: result: /usr/bin/grep -F
configure:4521: checking for ld used by gcc
configure:4588: result: /Applications/Xcode.app/Contents/Developer/Toolchains/XcodeDefault.xctoolchain/usr/bin/ld
configure:4595: checking if the linker (/Applications/Xcode.app/Contents/Developer/Toolchains/XcodeDefault.xctoolchain/usr/bin/ld) is GNU ld
configure:4610: result: no
configure:4622: checking for BSD- or MS-compatible name lister (nm)
configure:4676: result: /usr/bin/nm -B
configure:4806: checking the name lister (/usr/bin/nm -B) interface
configure:4813: gcc -c -arch x86_64 -arch arm64  conftest.c >&5
configure:4816: /usr/bin/nm -B "conftest.o"
configure:4819: output
0000000000000000 S _some_variable
0000000000000000 t ltmp0
0000000000000000 s ltmp1
configure:4826: result: BSD nm
configure:4829: checking whether ln -s works
configure:4833: result: yes
configure:4841: checking the maximum length of command line arguments
configure:4972: result: 786432
configure:5020: checking how to convert arm-apple-darwin22.1.0 file names to arm-apple-darwin22.1.0 format
configure:5060: result: func_convert_file_noop
configure:5067: checking how to convert arm-apple-darwin22.1.0 file names to toolchain format
configure:5087: result: func_convert_file_noop
configure:5094: checking for /Applications/Xcode.app/Contents/Developer/Toolchains/XcodeDefault.xctoolchain/usr/bin/ld option to reload object files
configure:5101: result: -r
configure:5175: checking for objdump
configure:5191: found /usr/bin/objdump
configure:5202: result: objdump
configure:5234: checking how to recognize dependent libraries
configure:5434: result: pass_all
configure:5519: checking for dlltool
configure:5549: result: no
configure:5579: checking how to associate runtime and link libraries
configure:5606: result: printf %s\n
configure:5667: checking for ar
configure:5683: found /usr/bin/ar
configure:5694: result: ar
configure:5731: checking for archiver @FILE support
configure:5748: gcc -c -arch x86_64 -arch arm64  conftest.c >&5
configure:5748: $? = 0
configure:5751: ar cr libconftest.a @conftest.lst >&5
ar: @conftest.lst: No such file or directory
configure:5754: $? = 1
configure:5774: result: no
configure:5832: checking for strip
configure:5848: found /usr/bin/strip
configure:5859: result: strip
configure:5931: checking for ranlib
configure:5947: found /usr/bin/ranlib
configure:5958: result: ranlib
configure:6060: checking command to parse /usr/bin/nm -B output from gcc object
configure:6213: gcc -c -arch x86_64 -arch arm64  conftest.c >&5
configure:6216: $? = 0
configure:6220: /usr/bin/nm -B conftest.o | sed -n -e 's/^.*[	 ]\([ABCDGIRSTW][ABCDGIRSTW]*\)[	 ][	 ]*\([_A-Za-z][_A-Za-z0-9]*\)$/\1 \2 \2/p' | sed '/ __gnu_lto/d' > conftest.nm
cannot find nm_test_var in conftest.nm
configure:6213: gcc -c -arch x86_64 -arch arm64  conftest.c >&5
configure:6216: $? = 0
configure:6220: /usr/bin/nm -B conftest.o | sed -n -e 's/^.*[	 ]\([ABCDGIRSTW][ABCDGIRSTW]*\)[	 ][	 ]*_\([_A-Za-z][_A-Za-z0-9]*\)$/\1 _\2 \2/p' | sed '/ __gnu_lto/d' > conftest.nm
configure:6286: gcc -o conftest -arch x86_64 -arch arm64   conftest.c conftstm.o >&5
configure:6289: $? = 0
configure:6327: result: ok
configure:6374: checking for sysroot
configure:6404: result: no
configure:6411: checking for a working dd
configure:6449: result: /bin/dd
configure:6453: checking how to truncate binary pipes
configure:6468: result: /bin/dd bs=4096 count=1
configure:6797: checking for mt
configure:6827: result: no
configure:6847: checking if : is a manifest tool
configure:6853: : '-?'
configure:6861: result: no
configure:6917: checking for dsymutil
configure:6933: found /usr/bin/dsymutil
configure:6944: result: dsymutil
configure:7009: checking for nmedit
configure:7025: found /usr/bin/nmedit
configure:7036: result: nmedit
configure:7101: checking for lipo
configure:7117: found /usr/bin/lipo
configure:7128: result: lipo
configure:7193: checking for otool
configure:7209: found /usr/bin/otool
configure:7220: result: otool
configure:7285: checking for otool64
configure:7315: result: no
configure:7360: checking for -single_module linker flag
gcc -arch x86_64 -arch arm64  -o libconftest.dylib -dynamiclib -Wl,-single_module conftest.c
configure:7393: result: yes
configure:7396: checking for -exported_symbols_list linker flag
configure:7416: gcc -o conftest -arch x86_64 -arch arm64   -Wl,-exported_symbols_list,conftest.sym conftest.c  >&5
configure:7416: $? = 0
configure:7426: result: yes
configure:7429: checking for -force_load linker flag
gcc -arch x86_64 -arch arm64 -c -o conftest.o conftest.c
ar cr libconftest.a conftest.o
ranlib libconftest.a
gcc -arch x86_64 -arch arm64  -o conftest conftest.c -Wl,-force_load,./libconftest.a
configure:7461: result: yes
configure:7538: checking how to run the C preprocessor
configure:7569: gcc -E  conftest.c
configure:7569: $? = 0
configure:7583: gcc -E  conftest.c
conftest.c:9:10: fatal error: 'ac_nonexistent.h' file not found
#include <ac_nonexistent.h>
         ^~~~~~~~~~~~~~~~~~
1 error generated.
configure:7583: $? = 1
configure: failed program was:
| /* confdefs.h */
| #define PACKAGE_NAME "opus"
| #define PACKAGE_TARNAME "opus"
| #define PACKAGE_VERSION "1.4"
| #define PACKAGE_STRING "opus 1.4"
| #define PACKAGE_BUGREPORT "opus@xiph.org"
| #define PACKAGE_URL ""
| /* end confdefs.h.  */
| #include <ac_nonexistent.h>
configure:7608: result: gcc -E
configure:7628: gcc -E  conftest.c
configure:7628: $? = 0
configure:7642: gcc -E  conftest.c
conftest.c:9:10: fatal error: 'ac_nonexistent.h' file not found
#include <ac_nonexistent.h>
         ^~~~~~~~~~~~~~~~~~
1 error generated.
configure:7642: $? = 1
configure: failed program was:
| /* confdefs.h */
| #define PACKAGE_NAME "opus"
| #define PACKAGE_TARNAME "opus"
| #define PACKAGE_VERSION "1.4"
| #define PACKAGE_STRING "opus 1.4"
| #define PACKAGE_BUGREPORT "opus@xiph.org"
| #define PACKAGE_URL ""
| /* end confdefs.h.  */
| #include <ac_nonexistent.h>
configure:7671: checking for ANSI C header files
configure:7691: gcc -c -arch x86_64 -arch arm64  conftest.c >&5
configure:7691: $? = 0
configure:7764: gcc -o conftest -arch x86_64 -arch arm64   conftest.c  >&5
configure:7764: $? = 0
configure:7764: ./conftest
configure:7764: $? = 0
configure:7775: result: yes
configure:7788: checking for sys/types.h
configure:7788: gcc -c -arch x86_64 -arch arm64  conftest.c >&5
configure:7788: $? = 0
configure:7788: result: yes
configure:7788: checking for sys/stat.h
configure:7788: gcc -c -arch x86_64 -arch arm64  conftest.c >&5
configure:7788: $? = 0
configure:7788: result: yes
configure:7788: checking for stdlib.h
configure:7788: gcc -c -arch x86_64 -arch arm64  conftest.c >&5
configure:7788: $? = 0
configure:7788: result: yes
configure:7788: checking for string.h
configure:7788: gcc -c -arch x86_64 -arch arm64  conftest.c >&5
configure:7788: $? = 0
configure:7788: result: yes
configure:7788: checking for memory.h
configure:7788: gcc -c -arch x86_64 -arch arm64  conftest.c >&5
configure:7788: $? = 0
configure:7788: result: yes
configure:7788: checking for strings.h
configure:7788: gcc -c -arch x86_64 -arch arm64  conftest.c >&5
configure:7788: $? = 0
configure:7788: result: yes
configure:7788: checking for inttypes.h
configure:7788: gcc -c -arch x86_64 -arch arm64  conftest.c >&5
configure:7788: $? = 0
configure:7788: result: yes
configure:7788: checking for stdint.h
configure:7788: gcc -c -arch x86_64 -arch arm64  conftest.c >&5
configure:7788: $? = 0
configure:7788: result: yes
configure:7788: checking for unistd.h
configure:7788: gcc -c -arch x86_64 -arch arm64  conftest.c >&5
configure:7788: $? = 0
configure:7788: result: yes
configure:7802: checking for dlfcn.h
configure:7802: gcc -c -arch x86_64 -arch arm64  conftest.c >&5
configure:7802: $? = 0
configure:7802: result: yes
configure:8058: checking for objdir
configure:8073: result: .libs
configure:8337: checking if gcc supports -fno-rtti -fno-exceptions
configure:8355: gcc -c -arch x86_64 -arch arm64  -fno-rtti -fno-exceptions conftest.c >&5
configure:8359: $? = 0
configure:8372: result: yes
configure:8736: checking for gcc option to produce PIC
configure:8743: result: -fno-common -DPIC
configure:8751: checking if gcc PIC flag -fno-common -DPIC works
configure:8769: gcc -c -arch x86_64 -arch arm64  -fno-common -DPIC -DPIC conftest.c >&5
configure:8773: $? = 0
configure:8786: result: yes
configure:8815: checking if gcc static flag -static works
configure:8843: result: no
configure:8858: checking if gcc supports -c -o file.o
configure:8879: gcc -c -arch x86_64 -arch arm64  -o out/conftest2.o conftest.c >&5
configure:8883: $? = 0
configure:8905: result: yes
configure:8913: checking if gcc supports -c -o file.o
configure:8960: result: yes
configure:8993: checking whether the gcc linker (/Applications/Xcode.app/Contents/Developer/Toolchains/XcodeDefault.xctoolchain/usr/bin/ld) supports shared libraries
configure:10256: result: yes
configure:10496: checking dynamic linker characteristics
configure:11326: result: darwin22.1.0 dyld
configure:11448: checking how to hardcode library paths into programs
configure:11473: result: immediate
configure:12021: checking whether stripping libraries is possible
configure:12035: result: yes
configure:12061: checking if libtool supports shared libraries
configure:12063: result: yes
configure:12066: checking whether to build shared libraries
configure:12091: result: yes
configure:12094: checking whether to build static libraries
configure:12098: result: yes
configure:12137: checking for gcc option to accept ISO C99
configure:12286: gcc  -c -arch x86_64 -arch arm64  conftest.c >&5
configure:12286: $? = 0
configure:12299: result: none needed
configure:12314: checking for an ANSI C-conforming const
configure:12380: gcc -c -arch x86_64 -arch arm64  conftest.c >&5
configure:12380: $? = 0
configure:12387: result: yes
configure:12395: checking for inline
configure:12411: gcc -c -arch x86_64 -arch arm64  conftest.c >&5
configure:12411: $? = 0
configure:12419: result: inline
configure:12447: checking dependency style of gcc
configure:12556: result: gcc3
configure:12580: checking for C/C++ restrict keyword
configure:12605: gcc -c -arch x86_64 -arch arm64  conftest.c >&5
configure:12605: $? = 0
configure:12613: result: __restrict
configure:12628: checking for C99 variable-size arrays
configure:12641: gcc -c -arch x86_64 -arch arm64  conftest.c >&5
configure:12641: $? = 0
configure:12654: result: yes
configure:13559: checking if compiler supports ARM Neon intrinsics
configure:13578: gcc -o conftest -arch x86_64 -arch arm64   conftest.c  >&5
In file included from conftest.c:24:
/Applications/Xcode.app/Contents/Developer/Toolchains/XcodeDefault.xctoolchain/usr/lib/clang/13.1.6/include/arm_neon.h:28:2: error: "NEON intrinsics not available with the soft-float ABI. Please use -mfloat-abi=softfp or -mfloat-abi=hard"
#error "NEON intrinsics not available with the soft-float ABI. Please use -mfloat-abi=softfp or -mfloat-abi=hard"
 ^
conftest.c:30:20: error: unknown type name 'float32x4_t'
            static float32x4_t A0, A1, SUMM;
                   ^
conftest.c:31:13: error: use of undeclared identifier 'SUMM'
            SUMM = vmlaq_f32(SUMM, A0, A1);
            ^
conftest.c:31:20: error: implicit declaration of function 'vmlaq_f32' is invalid in C99 [-Werror,-Wimplicit-function-declaration]
            SUMM = vmlaq_f32(SUMM, A0, A1);
                   ^
conftest.c:31:30: error: use of undeclared identifier 'SUMM'
            SUMM = vmlaq_f32(SUMM, A0, A1);
                             ^
conftest.c:31:40: error: use of undeclared identifier 'A1'
            SUMM = vmlaq_f32(SUMM, A0, A1);
                                       ^
conftest.c:32:25: error: implicit declaration of function 'vgetq_lane_f32' is invalid in C99 [-Werror,-Wimplicit-function-declaration]
            return (int)vgetq_lane_f32(SUMM, 0);
                        ^
conftest.c:32:40: error: use of undeclared identifier 'SUMM'
            return (int)vgetq_lane_f32(SUMM, 0);
                                       ^
8 errors generated.
configure:13578: $? = 1
configure: failed program was:
| /* confdefs.h */
| #define PACKAGE_NAME "opus"
| #define PACKAGE_TARNAME "opus"
| #define PACKAGE_VERSION "1.4"
| #define PACKAGE_STRING "opus 1.4"
| #define PACKAGE_BUGREPORT "opus@xiph.org"
| #define PACKAGE_URL ""
| #define STDC_HEADERS 1
| #define HAVE_SYS_TYPES_H 1
| #define HAVE_SYS_STAT_H 1
| #define HAVE_STDLIB_H 1
| #define HAVE_STRING_H 1
| #define HAVE_MEMORY_H 1
| #define HAVE_STRINGS_H 1
| #define HAVE_INTTYPES_H 1
| #define HAVE_STDINT_H 1
| #define HAVE_UNISTD_H 1
| #define HAVE_DLFCN_H 1
| #define LT_OBJDIR ".libs/"
| #define OPUS_BUILD /**/
| #define restrict __restrict
| #define VAR_ARRAYS 1
| /* end confdefs.h.  */
| #include <arm_neon.h>
| 
| int
| main ()
| {
| 
|             static float32x4_t A0, A1, SUMM;
|             SUMM = vmlaq_f32(SUMM, A0, A1);
|             return (int)vgetq_lane_f32(SUMM, 0);
| 
| 
|   ;
|   return 0;
| }
configure:13588: result: no
configure:13590: checking if compiler supports ARM Neon intrinsics with -mfpu=neon
configure:13610: gcc -o conftest -arch x86_64 -arch arm64 -mfpu=neon   conftest.c  >&5
clang: warning: argument unused during compilation: '-mfpu=neon' [-Wunused-command-line-argument]
In file included from conftest.c:24:
/Applications/Xcode.app/Contents/Developer/Toolchains/XcodeDefault.xctoolchain/usr/lib/clang/13.1.6/include/arm_neon.h:28:2: error: "NEON intrinsics not available with the soft-float ABI. Please use -mfloat-abi=softfp or -mfloat-abi=hard"
#error "NEON intrinsics not available with the soft-float ABI. Please use -mfloat-abi=softfp or -mfloat-abi=hard"
 ^
conftest.c:30:20: error: unknown type name 'float32x4_t'
            static float32x4_t A0, A1, SUMM;
                   ^
conftest.c:31:13: error: use of undeclared identifier 'SUMM'
            SUMM = vmlaq_f32(SUMM, A0, A1);
            ^
conftest.c:31:20: error: implicit declaration of function 'vmlaq_f32' is invalid in C99 [-Werror,-Wimplicit-function-declaration]
            SUMM = vmlaq_f32(SUMM, A0, A1);
                   ^
conftest.c:31:30: error: use of undeclared identifier 'SUMM'
            SUMM = vmlaq_f32(SUMM, A0, A1);
                             ^
conftest.c:31:40: error: use of undeclared identifier 'A1'
            SUMM = vmlaq_f32(SUMM, A0, A1);
                                       ^
conftest.c:32:25: error: implicit declaration of function 'vgetq_lane_f32' is invalid in C99 [-Werror,-Wimplicit-function-declaration]
            return (int)vgetq_lane_f32(SUMM, 0);
                        ^
conftest.c:32:40: error: use of undeclared identifier 'SUMM'
            return (int)vgetq_lane_f32(SUMM, 0);
                                       ^
8 errors generated.
configure:13610: $? = 1
configure: failed program was:
| /* confdefs.h */
| #define PACKAGE_NAME "opus"
| #define PACKAGE_TARNAME "opus"
| #define PACKAGE_VERSION "1.4"
| #define PACKAGE_STRING "opus 1.4"
| #define PACKAGE_BUGREPORT "opus@xiph.org"
| #define PACKAGE_URL ""
| #define STDC_HEADERS 1
| #define HAVE_SYS_TYPES_H 1
| #define HAVE_SYS_STAT_H 1
| #define HAVE_STDLIB_H 1
| #define HAVE_STRING_H 1
| #define HAVE_MEMORY_H 1
| #define HAVE_STRINGS_H 1
| #define HAVE_INTTYPES_H 1
| #define HAVE_STDINT_H 1
| #define HAVE_UNISTD_H 1
| #define HAVE_DLFCN_H 1
| #define LT_OBJDIR ".libs/"
| #define OPUS_BUILD /**/
| #define restrict __restrict
| #define VAR_ARRAYS 1
| /* end confdefs.h.  */
| #include <arm_neon.h>
| 
| int
| main ()
| {
| 
|             static float32x4_t A0, A1, SUMM;
|             SUMM = vmlaq_f32(SUMM, A0, A1);
|             return (int)vgetq_lane_f32(SUMM, 0);
| 
| 
|   ;
|   return 0;
| }
configure:13618: result: no
configure:13866: WARNING: Compiler does not support ARM intrinsics
configure:14583: checking for doxygen
configure:14611: result: no
configure:14621: checking for dot
configure:14649: result: no
configure:14710: checking if gcc supports -fvisibility=hidden
configure:14716: gcc -c -arch x86_64 -arch arm64 -fvisibility=hidden  conftest.c >&5
configure:14716: $? = 0
configure:14717: result: yes
configure:14790: checking whether to add -D_FORTIFY_SOURCE=2 to CFLAGS
configure:14806: gcc -o conftest -arch x86_64 -arch arm64 -fvisibility=hidden   conftest.c  >&5
configure:14806: $? = 0
configure:14808: result: yes
configure:14829: checking if gcc supports -Wall -Wextra -Wcast-align -Wnested-externs -Wshadow -Wstrict-prototypes
configure:14835: gcc -c -arch x86_64 -arch arm64 -fvisibility=hidden -D_FORTIFY_SOURCE=2 -W -Wall -Wextra -Wcast-align -Wnested-externs -Wshadow -Wstrict-prototypes  conftest.c >&5
configure:14835: $? = 0
configure:14836: result: yes
configure:14850: checking for lrintf
configure:14850: gcc -o conftest -arch x86_64 -arch arm64 -fvisibility=hidden -D_FORTIFY_SOURCE=2 -W -Wall -Wextra -Wcast-align -Wnested-externs -Wshadow -Wstrict-prototypes   conftest.c   >&5
conftest.c:48:13: warning: this function declaration is not a prototype [-Wstrict-prototypes]
char lrintf ();
            ^
             void
conftest.c:48:6: warning: incompatible redeclaration of library function 'lrintf' [-Wincompatible-library-redeclaration]
char lrintf ();
     ^
conftest.c:48:6: note: 'lrintf' is a builtin with type 'long (float)'
2 warnings generated.
conftest.c:48:13: warning: this function declaration is not a prototype [-Wstrict-prototypes]
char lrintf ();
            ^
             void
conftest.c:48:6: warning: incompatible redeclaration of library function 'lrintf' [-Wincompatible-library-redeclaration]
char lrintf ();
     ^
conftest.c:48:6: note: 'lrintf' is a builtin with type 'long (float)'
2 warnings generated.
configure:14850: $? = 0
configure:14850: result: yes
configure:14861: checking for lrint
configure:14861: gcc -o conftest -arch x86_64 -arch arm64 -fvisibility=hidden -D_FORTIFY_SOURCE=2 -W -Wall -Wextra -Wcast-align -Wnested-externs -Wshadow -Wstrict-prototypes   conftest.c   >&5
conftest.c:49:12: warning: this function declaration is not a prototype [-Wstrict-prototypes]
char lrint ();
           ^
            void
conftest.c:49:6: warning: incompatible redeclaration of library function 'lrint' [-Wincompatible-library-redeclaration]
char lrint ();
     ^
conftest.c:49:6: note: 'lrint' is a builtin with type 'long (double)'
2 warnings generated.
conftest.c:49:12: warning: this function declaration is not a prototype [-Wstrict-prototypes]
char lrint ();
           ^
            void
conftest.c:49:6: warning: incompatible redeclaration of library function 'lrint' [-Wincompatible-library-redeclaration]
char lrint ();
     ^
conftest.c:49:6: note: 'lrint' is a builtin with type 'long (double)'
2 warnings generated.
configure:14861: $? = 0
configure:14861: result: yes
configure:14874: checking for __malloc_hook
configure:14874: gcc -o conftest -arch x86_64 -arch arm64 -fvisibility=hidden -D_FORTIFY_SOURCE=2 -W -Wall -Wextra -Wcast-align -Wnested-externs -Wshadow -Wstrict-prototypes   conftest.c  >&5
conftest.c:50:20: warning: this function declaration is not a prototype [-Wstrict-prototypes]
char __malloc_hook ();
                   ^
                    void
1 warning generated.
Undefined symbols for architecture x86_64:
  "___malloc_hook", referenced from:
      _main in conftest-x86_64.o
ld: symbol(s) not found for architecture x86_64
conftest.c:50:20: warning: this function declaration is not a prototype [-Wstrict-prototypes]
char __malloc_hook ();
                   ^
                    void
1 warning generated.
clang: error: linker command failed with exit code 1 (use -v to see invocation)
configure:14874: $? = 1
configure: failed program was:
| /* confdefs.h */
| #define PACKAGE_NAME "opus"
| #define PACKAGE_TARNAME "opus"
| #define PACKAGE_VERSION "1.4"
| #define PACKAGE_STRING "opus 1.4"
| #define PACKAGE_BUGREPORT "opus@xiph.org"
| #define PACKAGE_URL ""
| #define STDC_HEADERS 1
| #define HAVE_SYS_TYPES_H 1
| #define HAVE_SYS_STAT_H 1
| #define HAVE_STDLIB_H 1
| #define HAVE_STRING_H 1
| #define HAVE_MEMORY_H 1
| #define HAVE_STRINGS_H 1
| #define HAVE_INTTYPES_H 1
| #define HAVE_STDINT_H 1
| #define HAVE_UNISTD_H 1
| #define HAVE_DLFCN_H 1
| #define LT_OBJDIR ".libs/"
| #define OPUS_BUILD /**/
| #define restrict __restrict
| #define VAR_ARRAYS 1
| #define ENABLE_HARDENING 1
| #define HAVE_LRINTF 1
| #define HAVE_LRINT 1
| /* end confdefs.h.  */
| /* Define __malloc_hook to an innocuous variant, in case <limits.h> declares __malloc_hook.
|    For example, HP-UX 11i <limits.h> declares gettimeofday.  */
| #define __malloc_hook innocuous___malloc_hook
| 
| /* System header to define __stub macros and hopefully few prototypes,
|     which can conflict with char __malloc_hook (); below.
|     Prefer <limits.h> to <assert.h> if __STDC__ is defined, since
|     <limits.h> exists even on freestanding compilers.  */
| 
| #ifdef __STDC__
| # include <limits.h>
| #else
| # include <assert.h>
| #endif
| 
| #undef __malloc_hook
| 
| /* Override any GCC internal prototype to avoid an error.
|    Use char because int might match the return type of a GCC
|    builtin and then its argument prototype would still apply.  */
| #ifdef __cplusplus
| extern "C"
| #endif
| char __malloc_hook ();
| /* The GNU C library defines this for functions which it implements
|     to always fail with ENOSYS.  Some functions are actually named
|     something starting with __ and the normal name is an alias.  */
| #if defined __stub___malloc_hook || defined __stub_____malloc_hook
| choke me
| #endif
| 
| int
| main ()
| {
| return __malloc_hook ();
|   ;
|   return 0;
| }
configure:14874: result: no
configure:15000: checking that generated files are newer than configure
configure:15006: result: done
configure:15125: creating ./config.status

## ---------------------- ##
## Running config.status. ##
## ---------------------- ##

This file was extended by opus config.status 1.4, which was
generated by GNU Autoconf 2.69.  Invocation command line was

  CONFIG_FILES    = 
  CONFIG_HEADERS  = 
  CONFIG_LINKS    = 
  CONFIG_COMMANDS = 
  $ ./config.status 

on 25D1.local

config.status:1156: creating Makefile
config.status:1156: creating opus.pc
config.status:1156: creating opus-uninstalled.pc
config.status:1156: creating celt/arm/armopts.s
config.status:1156: creating doc/Makefile
config.status:1156: creating doc/Doxyfile
config.status:1156: creating config.h
config.status:1385: executing depfiles commands
config.status:1462: cd .       && sed -e '/# am--include-marker/d' Makefile         | make -f - am--depfiles
config.status:1467: $? = 0
config.status:1385: executing libtool commands
configure:17305:
------------------------------------------------------------------------
  opus 1.4:  Automatic configuration OK.

    Compiler support:

      C99 var arrays: ................ yes
      C99 lrintf: .................... yes
      Use alloca: .................... no (using var arrays)

    General configuration:

      Floating point support: ........ yes
      Fast float approximations: ..... no
      Fixed point debugging: ......... no
      Inline Assembly Optimizations: . No inline ASM for your platform, please send patches
      External Assembly Optimizations: 
      Intrinsics Optimizations: ...... no
      Run-time CPU detection: ........ disabled
      Custom modes: .................. no
      Assertion checking: ............ no
      Hardening: ..................... yes
      Fuzzing: ....................... no
      Check ASM: ..................... no

      API documentation: ............. yes
      Extra programs: ................ yes
------------------------------------------------------------------------

 Type "make; make install" to compile and install
 Type "make check" to run the test suite


## ---------------- ##
## Cache variables. ##
## ---------------- ##

ac_cv_build=arm-apple-darwin22.1.0
ac_cv_c_compiler_gnu=yes
ac_cv_c_const=yes
ac_cv_c_inline=inline
ac_cv_c_restrict=__restrict
ac_cv_env_ARM_NEON_INTR_CFLAGS_set=
ac_cv_env_ARM_NEON_INTR_CFLAGS_value=
ac_cv_env_CCASFLAGS_set=
ac_cv_env_CCASFLAGS_value=
ac_cv_env_CCAS_set=
ac_cv_env_CCAS_value=
ac_cv_env_CC_set=
ac_cv_env_CC_value=
ac_cv_env_CFLAGS_set=set
ac_cv_env_CFLAGS_value='-arch x86_64 -arch arm64'
ac_cv_env_CPPFLAGS_set=
ac_cv_env_CPPFLAGS_value=
ac_cv_env_CPP_set=
ac_cv_env_CPP_value=
ac_cv_env_LDFLAGS_set=
ac_cv_env_LDFLAGS_value=
ac_cv_env_LIBS_set=
ac_cv_env_LIBS_value=
ac_cv_env_LT_SYS_LIBRARY_PATH_set=
ac_cv_env_LT_SYS_LIBRARY_PATH_value=
ac_cv_env_X86_AVX_CFLAGS_set=
ac_cv_env_X86_AVX_CFLAGS_value=
ac_cv_env_X86_SSE2_CFLAGS_set=
ac_cv_env_X86_SSE2_CFLAGS_value=
ac_cv_env_X86_SSE4_1_CFLAGS_set=
ac_cv_env_X86_SSE4_1_CFLAGS_value=
ac_cv_env_X86_SSE_CFLAGS_set=
ac_cv_env_X86_SSE_CFLAGS_value=
ac_cv_env_build_alias_set=
ac_cv_env_build_alias_value=
ac_cv_env_host_alias_set=
ac_cv_env_host_alias_value=
ac_cv_env_target_alias_set=
ac_cv_env_target_alias_value=
ac_cv_func___malloc_hook=no
ac_cv_func_lrint=yes
ac_cv_func_lrintf=yes
ac_cv_header_dlfcn_h=yes
ac_cv_header_inttypes_h=yes
ac_cv_header_memory_h=yes
ac_cv_header_stdc=yes
ac_cv_header_stdint_h=yes
ac_cv_header_stdlib_h=yes
ac_cv_header_string_h=yes
ac_cv_header_strings_h=yes
ac_cv_header_sys_stat_h=yes
ac_cv_header_sys_types_h=yes
ac_cv_header_unistd_h=yes
ac_cv_host=arm-apple-darwin22.1.0
ac_cv_objext=o
ac_cv_path_EGREP='/usr/bin/grep -E'
ac_cv_path_FGREP='/usr/bin/grep -F'
ac_cv_path_GREP=/usr/bin/grep
ac_cv_path_SED=/usr/bin/sed
ac_cv_path_install='/usr/bin/install -c'
ac_cv_path_lt_DD=/bin/dd
ac_cv_prog_AWK=awk
ac_cv_prog_CPP='gcc -E'
ac_cv_prog_HAVE_DOT=no
ac_cv_prog_HAVE_DOXYGEN=no
ac_cv_prog_ac_ct_AR=ar
ac_cv_prog_ac_ct_CC=gcc
ac_cv_prog_ac_ct_DSYMUTIL=dsymutil
ac_cv_prog_ac_ct_LIPO=lipo
ac_cv_prog_ac_ct_NMEDIT=nmedit
ac_cv_prog_ac_ct_OBJDUMP=objdump
ac_cv_prog_ac_ct_OTOOL=otool
ac_cv_prog_ac_ct_RANLIB=ranlib
ac_cv_prog_ac_ct_STRIP=strip
ac_cv_prog_cc_c89=
ac_cv_prog_cc_c99=
ac_cv_prog_cc_g=yes
ac_cv_prog_make_make_set=yes
am_cv_CCAS_dependencies_compiler_type=gcc3
am_cv_CC_dependencies_compiler_type=gcc3
am_cv_make_support_nested_variables=yes
am_cv_prog_cc_c_o=yes
lt_cv_apple_cc_single_mod=yes
lt_cv_ar_at_file=no
lt_cv_deplibs_check_method=pass_all
lt_cv_file_magic_cmd='$MAGIC_CMD'
lt_cv_file_magic_test_file=
lt_cv_ld_exported_symbols_list=yes
lt_cv_ld_force_load=yes
lt_cv_ld_reload_flag=-r
lt_cv_nm_interface='BSD nm'
lt_cv_objdir=.libs
lt_cv_path_LD=/Applications/Xcode.app/Contents/Developer/Toolchains/XcodeDefault.xctoolchain/usr/bin/ld
lt_cv_path_NM='/usr/bin/nm -B'
lt_cv_path_mainfest_tool=no
lt_cv_prog_compiler_c_o=yes
lt_cv_prog_compiler_pic='-fno-common -DPIC'
lt_cv_prog_compiler_pic_works=yes
lt_cv_prog_compiler_rtti_exceptions=yes
lt_cv_prog_compiler_static_works=no
lt_cv_prog_gnu_ld=no
lt_cv_sharedlib_from_linklib_cmd='printf %s\n'
lt_cv_sys_global_symbol_pipe='sed -n -e '\''s/^.*[	 ]\([ABCDGIRSTW][ABCDGIRSTW]*\)[	 ][	 ]*_\([_A-Za-z][_A-Za-z0-9]*\)$/\1 _\2 \2/p'\'' | sed '\''/ __gnu_lto/d'\'''
lt_cv_sys_global_symbol_to_c_name_address='sed -n -e '\''s/^: \(.*\) .*$/  {"\1", (void *) 0},/p'\'' -e '\''s/^[ABCDGIRSTW][ABCDGIRSTW]* .* \(.*\)$/  {"\1", (void *) \&\1},/p'\'''
lt_cv_sys_global_symbol_to_c_name_address_lib_prefix='sed -n -e '\''s/^: \(.*\) .*$/  {"\1", (void *) 0},/p'\'' -e '\''s/^[ABCDGIRSTW][ABCDGIRSTW]* .* \(lib.*\)$/  {"\1", (void *) \&\1},/p'\'' -e '\''s/^[ABCDGIRSTW][ABCDGIRSTW]* .* \(.*\)$/  {"lib\1", (void *) \&\1},/p'\'''
lt_cv_sys_global_symbol_to_cdecl='sed -n -e '\''s/^T .* \(.*\)$/extern int \1();/p'\'' -e '\''s/^[ABCDGIRSTW][ABCDGIRSTW]* .* \(.*\)$/extern char \1;/p'\'''
lt_cv_sys_global_symbol_to_import=
lt_cv_sys_max_cmd_len=786432
lt_cv_to_host_file_cmd=func_convert_file_noop
lt_cv_to_tool_file_cmd=func_convert_file_noop
lt_cv_truncate_bin='/bin/dd bs=4096 count=1'

## ----------------- ##
## Output variables. ##
## ----------------- ##

ACLOCAL='${SHELL} /Users/evan/Downloads/opus-1.4/missing aclocal-1.16'
AMDEPBACKSLASH='\'
AMDEP_FALSE='#'
AMDEP_TRUE=''
AMTAR='$${TAR-tar}'
AM_BACKSLASH='\'
AM_DEFAULT_V='$(AM_DEFAULT_VERBOSITY)'
AM_DEFAULT_VERBOSITY='0'
AM_V='$(V)'
AR='ar'
ARM2GNU_PARAMS=''
ARM_NEON_INTR_CFLAGS='-mfpu=neon'
AUTOCONF='${SHELL} /Users/evan/Downloads/opus-1.4/missing autoconf'
AUTOHEADER='${SHELL} /Users/evan/Downloads/opus-1.4/missing autoheader'
AUTOMAKE='${SHELL} /Users/evan/Downloads/opus-1.4/missing automake-1.16'
AWK='awk'
CC='gcc'
CCAS='gcc'
CCASDEPMODE='depmode=gcc3'
CCASFLAGS='-arch x86_64 -arch arm64'
CCDEPMODE='depmode=gcc3'
CFLAGS='-arch x86_64 -arch arm64 -fvisibility=hidden -D_FORTIFY_SOURCE=2 -W -Wall -Wextra -Wcast-align -Wnested-externs -Wshadow -Wstrict-prototypes'
CPP='gcc -E'
CPPFLAGS=''
CPU_ARM_FALSE='#'
CPU_ARM_TRUE=''
CPU_X86_FALSE=''
CPU_X86_TRUE='#'
CUSTOM_MODES_FALSE=''
CUSTOM_MODES_TRUE='#'
CYGPATH_W='echo'
DEFS='-DHAVE_CONFIG_H'
DEPDIR='.deps'
DISABLE_FLOAT_API_FALSE=''
DISABLE_FLOAT_API_TRUE='#'
DLLTOOL='false'
DSYMUTIL='dsymutil'
DUMPBIN=''
ECHO_C='\c'
ECHO_N=''
ECHO_T=''
EGREP='/usr/bin/grep -E'
EXEEXT=''
EXTRA_PROGRAMS_FALSE='#'
EXTRA_PROGRAMS_TRUE=''
FGREP='/usr/bin/grep -F'
FIXED_POINT_FALSE=''
FIXED_POINT_TRUE='#'
GREP='/usr/bin/grep'
HAVE_ARM_NE10=''
HAVE_ARM_NE10_FALSE=''
HAVE_ARM_NE10_TRUE='#'
HAVE_ARM_NEON_INTR_FALSE=''
HAVE_ARM_NEON_INTR_TRUE='#'
HAVE_AVX_FALSE=''
HAVE_AVX_TRUE='#'
HAVE_DOT='no'
HAVE_DOXYGEN='no'
HAVE_DOXYGEN_FALSE=''
HAVE_DOXYGEN_TRUE='#'
HAVE_PERL=''
HAVE_RTCD_FALSE=''
HAVE_RTCD_TRUE='#'
HAVE_SSE2_FALSE=''
HAVE_SSE2_TRUE='#'
HAVE_SSE4_1_FALSE=''
HAVE_SSE4_1_TRUE='#'
HAVE_SSE_FALSE=''
HAVE_SSE_TRUE='#'
INSTALL_DATA='${INSTALL} -m 644'
INSTALL_PROGRAM='${INSTALL}'
INSTALL_SCRIPT='${INSTALL}'
INSTALL_STRIP_PROGRAM='$(install_sh) -c -s'
LD='/Applications/Xcode.app/Contents/Developer/Toolchains/XcodeDefault.xctoolchain/usr/bin/ld'
LDFLAGS=''
LIBM=''
LIBOBJS=''
LIBS=''
LIBTOOL='$(SHELL) $(top_builddir)/libtool'
LIPO='lipo'
LN_S='ln -s'
LTLIBOBJS=''
LT_SYS_LIBRARY_PATH=''
MAINT=''
MAINTAINER_MODE_FALSE='#'
MAINTAINER_MODE_TRUE=''
MAKEINFO='${SHELL} /Users/evan/Downloads/opus-1.4/missing makeinfo'
MANIFEST_TOOL=':'
MKDIR_P='./install-sh -c -d'
NE10_CFLAGS=''
NE10_LIBS=''
NM='/usr/bin/nm -B'
NMEDIT='nmedit'
OBJDUMP='objdump'
OBJEXT='o'
OPUS_ARM_EXTERNAL_ASM_FALSE=''
OPUS_ARM_EXTERNAL_ASM_TRUE='#'
OPUS_ARM_INLINE_ASM_FALSE=''
OPUS_ARM_INLINE_ASM_TRUE='#'
OPUS_ARM_MAY_HAVE_EDSP=''
OPUS_ARM_MAY_HAVE_MEDIA=''
OPUS_ARM_MAY_HAVE_NEON=''
OPUS_ARM_NEON_INTR_CFLAGS=''
OPUS_HAVE_RTCD=''
OPUS_LT_AGE='9'
OPUS_LT_CURRENT='9'
OPUS_LT_REVISION='0'
OPUS_X86_AVX_CFLAGS=''
OPUS_X86_SSE2_CFLAGS=''
OPUS_X86_SSE4_1_CFLAGS=''
OPUS_X86_SSE_CFLAGS=''
OTOOL64=':'
OTOOL='otool'
PACKAGE='opus'
PACKAGE_BUGREPORT='opus@xiph.org'
PACKAGE_NAME='opus'
PACKAGE_STRING='opus 1.4'
PACKAGE_TARNAME='opus'
PACKAGE_URL=''
PACKAGE_VERSION='1.4'
PATH_SEPARATOR=':'
PC_BUILD='floating-point'
RANLIB='ranlib'
SED='/usr/bin/sed'
SET_MAKE=''
SHELL='/bin/sh'
STRIP='strip'
VERSION='1.4'
X86_AVX_CFLAGS='-mavx'
X86_SSE2_CFLAGS='-msse2'
X86_SSE4_1_CFLAGS='-msse4.1'
X86_SSE_CFLAGS='-msse'
ac_ct_AR='ar'
ac_ct_CC='gcc'
ac_ct_DUMPBIN=''
am__EXEEXT_FALSE=''
am__EXEEXT_TRUE='#'
am__fastdepCCAS_FALSE='#'
am__fastdepCCAS_TRUE=''
am__fastdepCC_FALSE='#'
am__fastdepCC_TRUE=''
am__include='include'
am__isrc=''
am__leading_dot='.'
am__nodep='_no'
am__quote=''
am__tar='$${TAR-tar} chof - "$$tardir"'
am__untar='$${TAR-tar} xf -'
bindir='${exec_prefix}/bin'
build='arm-apple-darwin22.1.0'
build_alias=''
build_cpu='arm'
build_os='darwin22.1.0'
build_vendor='apple'
datadir='${datarootdir}'
datarootdir='${prefix}/share'
docdir='${datarootdir}/doc/${PACKAGE_TARNAME}'
dvidir='${docdir}'
exec_prefix='${prefix}'
host='arm-apple-darwin22.1.0'
host_alias=''
host_cpu='arm'
host_os='darwin22.1.0'
host_vendor='apple'
htmldir='${docdir}'
includedir='${prefix}/include'
infodir='${datarootdir}/info'
install_sh='${SHELL} /Users/evan/Downloads/opus-1.4/install-sh'
libdir='${exec_prefix}/lib'
libexecdir='${exec_prefix}/libexec'
localedir='${datarootdir}/locale'
localstatedir='${prefix}/var'
mandir='${datarootdir}/man'
mkdir_p='$(MKDIR_P)'
oldincludedir='/usr/include'
pdfdir='${docdir}'
prefix='/usr/local'
program_transform_name='s,x,x,'
psdir='${docdir}'
runstatedir='${localstatedir}/run'
sbindir='${exec_prefix}/sbin'
sharedstatedir='${prefix}/com'
sysconfdir='${prefix}/etc'
target_alias=''

## ----------- ##
## confdefs.h. ##
## ----------- ##

/* confdefs.h */
#define PACKAGE_NAME "opus"
#define PACKAGE_TARNAME "opus"
#define PACKAGE_VERSION "1.4"
#define PACKAGE_STRING "opus 1.4"
#define PACKAGE_BUGREPORT "opus@xiph.org"
#define PACKAGE_URL ""
#define STDC_HEADERS 1
#define HAVE_SYS_TYPES_H 1
#define HAVE_SYS_STAT_H 1
#define HAVE_STDLIB_H 1
#define HAVE_STRING_H 1
#define HAVE_MEMORY_H 1
#define HAVE_STRINGS_H 1
#define HAVE_INTTYPES_H 1
#define HAVE_STDINT_H 1
#define HAVE_UNISTD_H 1
#define HAVE_DLFCN_H 1
#define LT_OBJDIR ".libs/"
#define OPUS_BUILD /**/
#define restrict __restrict
#define VAR_ARRAYS 1
#define ENABLE_HARDENING 1
#define HAVE_LRINTF 1
#define HAVE_LRINT 1

configure: exit 0
